[07/20/21 23:27:33] [ERROR] exception 0XC0000005 (ACCESS_VIOLATION) from Vectored Exception Handler catched; shutting log-core down
[07/22/21 22:38:04] [ERROR] exception 0XC0000005 (ACCESS_VIOLATION) from Vectored Exception Handler catched; shutting log-core down
[07/27/21 16:40:44] [ERROR] exception 0XC0000005 (ACCESS_VIOLATION) from Vectored Exception Handler catched; shutting log-core down
[07/27/21 16:43:11] [ERROR] exception 0XC0000005 (ACCESS_VIOLATION) from Vectored Exception Handler catched; shutting log-core down
[07/27/21 16:45:16] [ERROR] exception 0XC0000005 (ACCESS_VIOLATION) from Vectored Exception Handler catched; shutting log-core down
[07/27/21 17:49:41] [ERROR] exception 0XC0000005 (ACCESS_VIOLATION) from Vectored Exception Handler catched; shutting log-core down
[07/27/21 17:52:39] [ERROR] exception 0XC0000005 (ACCESS_VIOLATION) from Vectored Exception Handler catched; shutting log-core down
[07/27/21 17:55:33] [ERROR] exception 0XC0000005 (ACCESS_VIOLATION) from Vectored Exception Handler catched; shutting log-core down
[07/27/21 17:59:52] [ERROR] exception 0XC0000005 (ACCESS_VIOLATION) from Vectored Exception Handler catched; shutting log-core down
[07/27/21 18:22:04] [ERROR] exception 0XC0000005 (ACCESS_VIOLATION) from Vectored Exception Handler catched; shutting log-core down
[07/28/21 12:17:17] [ERROR] exception 0XC0000005 (ACCESS_VIOLATION) from Vectored Exception Handler catched; shutting log-core down
[07/28/21 12:51:21] [ERROR] exception 0XC0000005 (ACCESS_VIOLATION) from Vectored Exception Handler catched; shutting log-core down
[07/29/21 14:39:32] [ERROR] exception 0XC0000005 (ACCESS_VIOLATION) from Vectored Exception Handler catched; shutting log-core down
[07/29/21 14:44:39] [ERROR] exception 0XC0000005 (ACCESS_VIOLATION) from Vectored Exception Handler catched; shutting log-core down
[07/29/21 14:50:58] [ERROR] exception 0XC0000005 (ACCESS_VIOLATION) from Vectored Exception Handler catched; shutting log-core down
[07/29/21 22:05:22] [ERROR] exception 0XC0000005 (ACCESS_VIOLATION) from Vectored Exception Handler catched; shutting log-core down
[07/29/21 22:08:33] [ERROR] exception 0XC0000005 (ACCESS_VIOLATION) from Vectored Exception Handler catched; shutting log-core down
[07/29/21 22:12:21] [ERROR] exception 0XC0000095 (INTEGER_OVERFLOW) from Vectored Exception Handler catched; shutting log-core down
[07/29/21 22:46:25] [ERROR] exception 0XC0000005 (ACCESS_VIOLATION) from Vectored Exception Handler catched; shutting log-core down
[07/29/21 23:17:22] [ERROR] exception 0XC0000005 (ACCESS_VIOLATION) from Vectored Exception Handler catched; shutting log-core down
[07/30/21 00:38:21] [ERROR] exception 0XC0000096 (PRIVILEGED_INSTRUCTION) from Vectored Exception Handler catched; shutting log-core down
[07/30/21 02:47:56] [ERROR] exception 0XC0000005 (ACCESS_VIOLATION) from Vectored Exception Handler catched; shutting log-core down
[07/30/21 02:50:54] [ERROR] exception 0XC0000005 (ACCESS_VIOLATION) from Vectored Exception Handler catched; shutting log-core down
[09/14/21 19:19:03] [ERROR] exception 0XC0000005 (ACCESS_VIOLATION) from Vectored Exception Handler catched; shutting log-core down
[09/14/21 19:44:31] [ERROR] exception 0XC0000005 (ACCESS_VIOLATION) from Vectored Exception Handler catched; shutting log-core down
[09/14/21 20:00:28] [ERROR] exception 0XC0000005 (ACCESS_VIOLATION) from Vectored Exception Handler catched; shutting log-core down
[09/14/21 23:01:29] [ERROR] exception 0XC0000005 (ACCESS_VIOLATION) from Vectored Exception Handler catched; shutting log-core down
[09/14/21 23:08:58] [ERROR] exception 0XC0000005 (ACCESS_VIOLATION) from Vectored Exception Handler catched; shutting log-core down
[09/14/21 23:27:50] [ERROR] exception 0XC0000005 (ACCESS_VIOLATION) from Vectored Exception Handler catched; shutting log-core down
[09/14/21 23:42:14] [ERROR] exception 0XC0000005 (ACCESS_VIOLATION) from Vectored Exception Handler catched; shutting log-core down
[09/14/21 23:46:48] [ERROR] exception 0XC0000096 (PRIVILEGED_INSTRUCTION) from Vectored Exception Handler catched; shutting log-core down
[09/14/21 23:52:49] [ERROR] exception 0XC0000005 (ACCESS_VIOLATION) from Vectored Exception Handler catched; shutting log-core down
[09/15/21 00:11:35] [ERROR] exception 0XC0000005 (ACCESS_VIOLATION) from Vectored Exception Handler catched; shutting log-core down
[09/15/21 00:33:22] [ERROR] exception 0XC0000005 (ACCESS_VIOLATION) from Vectored Exception Handler catched; shutting log-core down
[09/15/21 00:37:52] [ERROR] exception 0X80000003 (BREAKPOINT) from Vectored Exception Handler catched; shutting log-core down
[09/15/21 00:44:05] [ERROR] exception 0XC0000005 (ACCESS_VIOLATION) from Vectored Exception Handler catched; shutting log-core down
[09/15/21 00:50:48] [ERROR] exception 0XC0000005 (ACCESS_VIOLATION) from Vectored Exception Handler catched; shutting log-core down
[09/15/21 00:57:05] [ERROR] exception 0XC0000005 (ACCESS_VIOLATION) from Vectored Exception Handler catched; shutting log-core down
[09/15/21 01:03:07] [ERROR] exception 0XC0000096 (PRIVILEGED_INSTRUCTION) from Vectored Exception Handler catched; shutting log-core down
[09/15/21 01:12:11] [ERROR] exception 0XC0000005 (ACCESS_VIOLATION) from Vectored Exception Handler catched; shutting log-core down
[09/15/21 01:23:34] [ERROR] exception 0XC0000005 (ACCESS_VIOLATION) from Vectored Exception Handler catched; shutting log-core down
[09/15/21 01:27:54] [ERROR] exception 0XC0000005 (ACCESS_VIOLATION) from Vectored Exception Handler catched; shutting log-core down
[09/15/21 01:30:14] [ERROR] exception 0XC0000005 (ACCESS_VIOLATION) from Vectored Exception Handler catched; shutting log-core down
[09/15/21 01:37:46] [ERROR] exception 0XC0000005 (ACCESS_VIOLATION) from Vectored Exception Handler catched; shutting log-core down
[09/15/21 01:54:37] [ERROR] exception 0XC0000005 (ACCESS_VIOLATION) from Vectored Exception Handler catched; shutting log-core down
[09/15/21 02:00:46] [ERROR] exception 0XC0000005 (ACCESS_VIOLATION) from Vectored Exception Handler catched; shutting log-core down
[09/15/21 02:19:29] [ERROR] exception 0XC0000005 (ACCESS_VIOLATION) from Vectored Exception Handler catched; shutting log-core down
[09/15/21 02:25:02] [ERROR] exception 0XC0000005 (ACCESS_VIOLATION) from Vectored Exception Handler catched; shutting log-core down
[09/15/21 11:18:58] [ERROR] exception 0XC0000005 (ACCESS_VIOLATION) from Vectored Exception Handler catched; shutting log-core down
[09/15/21 11:22:18] [ERROR] exception 0XC0000005 (ACCESS_VIOLATION) from Vectored Exception Handler catched; shutting log-core down
[09/15/21 11:33:36] [ERROR] exception 0XC0000005 (ACCESS_VIOLATION) from Vectored Exception Handler catched; shutting log-core down
[09/15/21 11:42:49] [ERROR] exception 0XC0000005 (ACCESS_VIOLATION) from Vectored Exception Handler catched; shutting log-core down
[09/18/21 11:29:21] [ERROR] exception 0XC0000005 (ACCESS_VIOLATION) from Vectored Exception Handler catched; shutting log-core down
[09/19/21 00:57:35] [ERROR] exception 0XC0000005 (ACCESS_VIOLATION) from Vectored Exception Handler catched; shutting log-core down
[09/19/21 14:00:59] [ERROR] exception 0XC0000005 (ACCESS_VIOLATION) from Vectored Exception Handler catched; shutting log-core down
[09/19/21 14:59:31] [ERROR] exception 0XC0000005 (ACCESS_VIOLATION) from Vectored Exception Handler catched; shutting log-core down
[09/19/21 15:01:53] [ERROR] exception 0XC0000005 (ACCESS_VIOLATION) from Vectored Exception Handler catched; shutting log-core down
[09/19/21 15:06:07] [ERROR] exception 0XC0000005 (ACCESS_VIOLATION) from Vectored Exception Handler catched; shutting log-core down
[09/19/21 15:30:38] [ERROR] exception 0XC0000005 (ACCESS_VIOLATION) from Vectored Exception Handler catched; shutting log-core down
[09/19/21 15:43:06] [ERROR] exception 0XC0000005 (ACCESS_VIOLATION) from Vectored Exception Handler catched; shutting log-core down
[09/19/21 15:46:52] [ERROR] exception 0XC0000005 (ACCESS_VIOLATION) from Vectored Exception Handler catched; shutting log-core down
[09/19/21 16:03:14] [ERROR] exception 0XC0000005 (ACCESS_VIOLATION) from Vectored Exception Handler catched; shutting log-core down
[10/01/21 12:18:30] [ERROR] exception 0XC0000005 (ACCESS_VIOLATION) from Vectored Exception Handler catched; shutting log-core down
[10/01/21 12:26:17] [ERROR] exception 0XC0000005 (ACCESS_VIOLATION) from Vectored Exception Handler catched; shutting log-core down
[10/01/21 12:45:05] [ERROR] exception 0XC0000005 (ACCESS_VIOLATION) from Vectored Exception Handler catched; shutting log-core down
[10/01/21 12:48:00] [ERROR] exception 0XC0000005 (ACCESS_VIOLATION) from Vectored Exception Handler catched; shutting log-core down
[10/01/21 13:01:31] [ERROR] exception 0XC0000005 (ACCESS_VIOLATION) from Vectored Exception Handler catched; shutting log-core down
[10/01/21 13:19:50] [ERROR] exception 0XC0000005 (ACCESS_VIOLATION) from Vectored Exception Handler catched; shutting log-core down
[10/01/21 13:23:25] [ERROR] exception 0XC0000096 (PRIVILEGED_INSTRUCTION) from Vectored Exception Handler catched; shutting log-core down
[10/01/21 22:42:37] [ERROR] exception 0XC0000005 (ACCESS_VIOLATION) from Vectored Exception Handler catched; shutting log-core down
[10/01/21 22:59:46] [ERROR] exception 0XC0000005 (ACCESS_VIOLATION) from Vectored Exception Handler catched; shutting log-core down
[10/03/21 17:37:58] [ERROR] exception 0XC0000005 (ACCESS_VIOLATION) from Vectored Exception Handler catched; shutting log-core down
[10/03/21 17:47:12] [ERROR] exception 0XC0000005 (ACCESS_VIOLATION) from Vectored Exception Handler catched; shutting log-core down
[10/03/21 18:30:16] [ERROR] exception 0XC0000005 (ACCESS_VIOLATION) from Vectored Exception Handler catched; shutting log-core down
[10/03/21 20:54:25] [ERROR] exception 0XC0000005 (ACCESS_VIOLATION) from Vectored Exception Handler catched; shutting log-core down
[10/03/21 20:55:52] [ERROR] exception 0XC0000005 (ACCESS_VIOLATION) from Vectored Exception Handler catched; shutting log-core down
[10/03/21 20:57:46] [ERROR] exception 0XC0000005 (ACCESS_VIOLATION) from Vectored Exception Handler catched; shutting log-core down
[10/03/21 21:23:11] [ERROR] exception 0XC0000005 (ACCESS_VIOLATION) from Vectored Exception Handler catched; shutting log-core down
[10/03/21 23:57:48] [ERROR] exception 0XC0000005 (ACCESS_VIOLATION) from Vectored Exception Handler catched; shutting log-core down
[10/04/21 00:19:07] [ERROR] exception 0XC0000005 (ACCESS_VIOLATION) from Vectored Exception Handler catched; shutting log-core down
[12/25/21 10:57:10] [ERROR] exception 0XC0000005 (ACCESS_VIOLATION) from Vectored Exception Handler catched; shutting log-core down
[12/25/21 11:09:31] [ERROR] exception 0XC0000005 (ACCESS_VIOLATION) from Vectored Exception Handler catched; shutting log-core down
[12/25/21 11:33:27] [ERROR] exception 0XC0000005 (ACCESS_VIOLATION) from Vectored Exception Handler catched; shutting log-core down
[12/25/21 15:53:22] [ERROR] exception 0XC0000005 (ACCESS_VIOLATION) from Vectored Exception Handler catched; shutting log-core down
[12/25/21 16:15:24] [ERROR] exception 0XC0000005 (ACCESS_VIOLATION) from Vectored Exception Handler catched; shutting log-core down
[12/25/21 16:41:12] [ERROR] exception 0XC0000005 (ACCESS_VIOLATION) from Vectored Exception Handler catched; shutting log-core down
[12/25/21 17:05:54] [ERROR] exception 0XC0000005 (ACCESS_VIOLATION) from Vectored Exception Handler catched; shutting log-core down
[12/25/21 17:23:33] [ERROR] exception 0XC0000005 (ACCESS_VIOLATION) from Vectored Exception Handler catched; shutting log-core down
[12/25/21 17:26:09] [ERROR] exception 0XC0000096 (PRIVILEGED_INSTRUCTION) from Vectored Exception Handler catched; shutting log-core down
[12/25/21 17:30:56] [ERROR] exception 0XC0000005 (ACCESS_VIOLATION) from Vectored Exception Handler catched; shutting log-core down
[12/25/21 17:34:58] [ERROR] exception 0XC0000005 (ACCESS_VIOLATION) from Vectored Exception Handler catched; shutting log-core down
[12/25/21 17:40:28] [ERROR] exception 0XC0000005 (ACCESS_VIOLATION) from Vectored Exception Handler catched; shutting log-core down
[12/25/21 17:58:16] [ERROR] exception 0XC0000005 (ACCESS_VIOLATION) from Vectored Exception Handler catched; shutting log-core down
[12/25/21 18:01:34] [ERROR] exception 0XC000001D (ILLEGAL_INSTRUCTION) from Vectored Exception Handler catched; shutting log-core down
[12/25/21 18:05:04] [ERROR] exception 0XC000001D (ILLEGAL_INSTRUCTION) from Vectored Exception Handler catched; shutting log-core down
[12/25/21 18:26:41] [ERROR] exception 0XC0000005 (ACCESS_VIOLATION) from Vectored Exception Handler catched; shutting log-core down
[12/27/21 14:27:50] [ERROR] exception 0XC0000005 (ACCESS_VIOLATION) from Vectored Exception Handler catched; shutting log-core down
[12/27/21 20:47:28] [ERROR] exception 0XC0000005 (ACCESS_VIOLATION) from Vectored Exception Handler catched; shutting log-core down
[12/29/21 00:38:09] [ERROR] exception 0XC0000005 (ACCESS_VIOLATION) from Vectored Exception Handler catched; shutting log-core down
[12/29/21 00:45:42] [ERROR] exception 0XC0000005 (ACCESS_VIOLATION) from Vectored Exception Handler catched; shutting log-core down
[12/29/21 00:54:59] [ERROR] exception 0XC0000005 (ACCESS_VIOLATION) from Vectored Exception Handler catched; shutting log-core down
[12/29/21 01:00:59] [ERROR] exception 0XC0000005 (ACCESS_VIOLATION) from Vectored Exception Handler catched; shutting log-core down
[12/29/21 01:04:24] [ERROR] exception 0XC0000005 (ACCESS_VIOLATION) from Vectored Exception Handler catched; shutting log-core down
[12/29/21 01:09:00] [ERROR] exception 0XC000001D (ILLEGAL_INSTRUCTION) from Vectored Exception Handler catched; shutting log-core down
[12/29/21 01:10:06] [ERROR] exception 0XC0000005 (ACCESS_VIOLATION) from Vectored Exception Handler catched; shutting log-core down
[12/29/21 01:15:55] [ERROR] exception 0XC0000005 (ACCESS_VIOLATION) from Vectored Exception Handler catched; shutting log-core down
[12/29/21 01:37:34] [ERROR] exception 0XC0000005 (ACCESS_VIOLATION) from Vectored Exception Handler catched; shutting log-core down
[12/30/21 13:33:38] [ERROR] exception 0XC0000005 (ACCESS_VIOLATION) from Vectored Exception Handler catched; shutting log-core down
[12/30/21 13:36:54] [ERROR] exception 0XC0000005 (ACCESS_VIOLATION) from Vectored Exception Handler catched; shutting log-core down
[01/08/22 12:45:52] [ERROR] exception 0XC0000096 (PRIVILEGED_INSTRUCTION) from Vectored Exception Handler catched; shutting log-core down
[01/08/22 12:50:27] [ERROR] exception 0XC0000005 (ACCESS_VIOLATION) from Vectored Exception Handler catched; shutting log-core down
[01/08/22 12:54:53] [ERROR] exception 0XC0000005 (ACCESS_VIOLATION) from Vectored Exception Handler catched; shutting log-core down
[01/08/22 13:02:46] [ERROR] exception 0XC0000005 (ACCESS_VIOLATION) from Vectored Exception Handler catched; shutting log-core down
[01/08/22 13:11:54] [ERROR] exception 0XC0000005 (ACCESS_VIOLATION) from Vectored Exception Handler catched; shutting log-core down
